<?xml version="1.0" encoding="UTF-8"?>
<!-- Generated by org.testng.reporters.JUnitXMLReporter -->
<testsuite ignored="0" hostname="MAVBCP2048" failures="0" tests="1" name="ChromeTest" time="0.177" errors="0" timestamp="2021-02-22T13:04:52 IST">
  <testcase classname="someSubject.MultipleNg" name="@BeforeTest setup" time="0.101">
    <failure type="java.lang.IllegalStateException" message="The driver executable does not exist: C:\Users\training\eclipse-workspace\MyProjectC:\Users\training\eclipse-workspace\MyProject\src\main\resources\Drivers\chromedriver.exe">
      <![CDATA[java.lang.IllegalStateException: The driver executable does not exist: C:\Users\training\eclipse-workspace\MyProjectC:\Users\training\eclipse-workspace\MyProject\src\main\resources\Drivers\chromedriver.exe
at com.google.common.base.Preconditions.checkState(Preconditions.java:585)
at org.openqa.selenium.remote.service.DriverService.checkExecutable(DriverService.java:146)
at org.openqa.selenium.remote.service.DriverService.findExecutable(DriverService.java:141)
at org.openqa.selenium.chrome.ChromeDriverService.access$000(ChromeDriverService.java:35)
at org.openqa.selenium.chrome.ChromeDriverService$Builder.findDefaultExecutable(ChromeDriverService.java:159)
at org.openqa.selenium.remote.service.DriverService$Builder.build(DriverService.java:355)
at org.openqa.selenium.chrome.ChromeDriverService.createDefaultService(ChromeDriverService.java:94)
at org.openqa.selenium.chrome.ChromeDriver.<init>(ChromeDriver.java:123)
at someSubject.MultipleNg.setup(MultipleNg.java:22)
at java.base/java.util.concurrent.FutureTask.run(FutureTask.java:264)
at java.base/java.util.concurrent.ThreadPoolExecutor.runWorker(ThreadPoolExecutor.java:1130)
at java.base/java.util.concurrent.ThreadPoolExecutor$Worker.run(ThreadPoolExecutor.java:630)
at java.base/java.lang.Thread.run(Thread.java:832)
... Removed 15 stack frames]]>
    </failure>
  </testcase> <!-- @BeforeTest setup -->
  <testcase classname="someSubject.MultipleNg" name="@BeforeTest setup" time="0.152">
    <failure type="java.lang.IllegalStateException" message="The driver executable does not exist: C:\Users\training\eclipse-workspace\MyProjectC:\Users\training\eclipse-workspace\MyProject\src\main\resources\Drivers\geckodriver.exe">
      <![CDATA[java.lang.IllegalStateException: The driver executable does not exist: C:\Users\training\eclipse-workspace\MyProjectC:\Users\training\eclipse-workspace\MyProject\src\main\resources\Drivers\geckodriver.exe
at com.google.common.base.Preconditions.checkState(Preconditions.java:585)
at org.openqa.selenium.remote.service.DriverService.checkExecutable(DriverService.java:146)
at org.openqa.selenium.remote.service.DriverService.findExecutable(DriverService.java:141)
at org.openqa.selenium.firefox.GeckoDriverService.access$100(GeckoDriverService.java:44)
at org.openqa.selenium.firefox.GeckoDriverService$Builder.findDefaultExecutable(GeckoDriverService.java:167)
at org.openqa.selenium.remote.service.DriverService$Builder.build(DriverService.java:355)
at org.openqa.selenium.firefox.FirefoxDriver.toExecutor(FirefoxDriver.java:190)
at org.openqa.selenium.firefox.FirefoxDriver.<init>(FirefoxDriver.java:147)
at org.openqa.selenium.firefox.FirefoxDriver.<init>(FirefoxDriver.java:125)
at someSubject.MultipleNg.setup(MultipleNg.java:26)
at java.base/java.util.concurrent.FutureTask.run(FutureTask.java:264)
at java.base/java.util.concurrent.ThreadPoolExecutor.runWorker(ThreadPoolExecutor.java:1130)
at java.base/java.util.concurrent.ThreadPoolExecutor$Worker.run(ThreadPoolExecutor.java:630)
at java.base/java.lang.Thread.run(Thread.java:832)
... Removed 15 stack frames]]>
    </failure>
  </testcase> <!-- @BeforeTest setup -->
  <testcase classname="someSubject.MultipleNg" name="@AfterTest EndOfTheTest" time="-1.613979292083E9">
    <skipped/>
  </testcase> <!-- @AfterTest EndOfTheTest -->
  <testcase classname="someSubject.MultipleNg" name="@AfterTest EndOfTheTest" time="-1.613979292088E9">
    <skipped/>
  </testcase> <!-- @AfterTest EndOfTheTest -->
  <testcase classname="someSubject.MultipleNg" name="Accessing" time="0.0">
    <skipped/>
  </testcase> <!-- Accessing -->
</testsuite> <!-- ChromeTest -->
